<?xml version="1.0" encoding="UTF-8"?>
<testsuite xmlns:xsi="http://www.w3.org/2001/XMLSchema-instance" xsi:noNamespaceSchemaLocation="https://maven.apache.org/surefire/maven-surefire-plugin/xsd/surefire-test-report-3.0.xsd" version="3.0" name="com.adactin.runner.AdactinRunnerClass" time="82.277" tests="18" errors="0" skipped="0" failures="0">
  <properties>
[...]
</properties>
  <testcase name="Given user Launch The Url Of Adactin Application" classname="Scenario: User Login The Web Application" time="0">
    <system-out><![CDATA[Feature: Hotel Booking In Adactin Application
]]></system-out>
    <system-err><![CDATA[SLF4J: No SLF4J providers were found.
SLF4J: Defaulting to no-operation (NOP) logger implementation
SLF4J: See https://www.slf4j.org/codes.html#noProviders for further details.
Starting ChromeDriver 118.0.5993.70 (e52f33f30b91b4ddfad649acddc39ab570473b86-refs/branch-heads/5993@{#1216}) on port 48324
Only local connections are allowed.
Please see https://chromedriver.chromium.org/security-considerations for suggestions on keeping ChromeDriver safe.
ChromeDriver was started successfully.
Oct 31, 2023 5:24:33 PM org.openqa.selenium.remote.ProtocolHandshake createSession
INFO: Detected dialect: W3C
]]></system-err>
  </testcase>
  <testcase name="When user Enter The Username In Username Field" classname="Scenario: User Login The Web Application" time="0"/>
  <testcase name="And user Enter The Password In Password Field" classname="Scenario: User Login The Web Application" time="0"/>
  <testcase name="Then user Click The Login Button And It Naigates To Search Hotel Page" classname="Scenario: User Login The Web Application" time="0"/>
  <testcase name="" classname="Scenario: User Login The Web Application" time="0"/>
  <testcase name="When user Select The Location In Location Dropdown" classname="Scenario: User Search The Hotel In Search Hotel Page" time="0">
    <system-out><![CDATA[
  @login
  Scenario: User Login The Web Application                                # Adactin.feature:3
    Given user Launch The Url Of Adactin Application                      # Stepdefinition.user_Launch_The_Url_Of_Adactin_Application()
    When user Enter The Username In Username Field                        # Stepdefinition.user_Enter_The_Username_In_Username_Field()
    And user Enter The Password In Password Field                         # Stepdefinition.user_Enter_The_Password_In_Password_Field()
    Then user Click The Login Button And It Naigates To Search Hotel Page # Stepdefinition.user_Click_The_Login_Button_And_It_Naigates_To_Search_Hotel_Page()
]]></system-out>
  </testcase>
  <testcase name="And user Select The Hotel In Hotels Dropdown" classname="Scenario: User Search The Hotel In Search Hotel Page" time="0"/>
  <testcase name="And user Select The Room Type In Room Type Dropdown" classname="Scenario: User Search The Hotel In Search Hotel Page" time="0"/>
  <testcase name="And user Select The Number Of Rooms In Number Of Rooms Dropdown" classname="Scenario: User Search The Hotel In Search Hotel Page" time="0"/>
  <testcase name="And user Enter The Check In Date In Check In Date Tab" classname="Scenario: User Search The Hotel In Search Hotel Page" time="0"/>
  <testcase name="And user Enter The Check Out Date In Check Out Date Tab" classname="Scenario: User Search The Hotel In Search Hotel Page" time="0"/>
  <testcase name="And user Select The Number Of Adults In Adults Per Room Dropdown" classname="Scenario: User Search The Hotel In Search Hotel Page" time="0"/>
  <testcase name="And user Select The Number Of Children In Children Per Room Dropdown" classname="Scenario: User Search The Hotel In Search Hotel Page" time="0"/>
  <testcase name="Then user Click The Search Button And It Navigates To The Select Hotel Page" classname="Scenario: User Search The Hotel In Search Hotel Page" time="0"/>
  <testcase name="" classname="Scenario: User Search The Hotel In Search Hotel Page" time="0"/>
  <testcase name="When user Click The Radio Button To Select The Hotels In the Below List Of Hotels" classname="Scenario: User Select The Hotel In Select Hotel Page" time="0">
    <system-out><![CDATA[
  @searchhotel
  Scenario: User Search The Hotel In Search Hotel Page                          # Adactin.feature:9
    When user Select The Location In Location Dropdown                          # Stepdefinition.user_Select_The_Location_In_Location_Dropdown()
    And user Select The Hotel In Hotels Dropdown                                # Stepdefinition.user_Select_The_Hotel_In_Hotels_Dropdown()
    And user Select The Room Type In Room Type Dropdown                         # Stepdefinition.user_Select_The_Room_Type_In_Room_Type_Dropdown()
    And user Select The Number Of Rooms In Number Of Rooms Dropdown             # Stepdefinition.user_Select_The_Number_Of_Rooms_In_Number_Of_Rooms_Dropdown()
    And user Enter The Check In Date In Check In Date Tab                       # Stepdefinition.user_Enter_The_Check_In_Date_In_Check_In_Date_Tab()
    And user Enter The Check Out Date In Check Out Date Tab                     # Stepdefinition.user_Enter_The_Check_Out_Date_In_Check_Out_Date_Tab()
    And user Select The Number Of Adults In Adults Per Room Dropdown            # Stepdefinition.user_Select_The_Number_Of_Adults_In_Adults_Per_Room_Dropdown()
    And user Select The Number Of Children In Children Per Room Dropdown        # Stepdefinition.user_Select_The_Number_Of_Children_In_Children_Per_Room_Dropdown()
    Then user Click The Search Button And It Navigates To The Select Hotel Page # Stepdefinition.user_Click_The_Search_Button_And_It_Navigates_To_The_Select_Hotel_Page()
]]></system-out>
  </testcase>
  <testcase name="Then user Click The Continue Button And It Navigates To The Book A Hotel Page" classname="Scenario: User Select The Hotel In Select Hotel Page" time="0"/>
  <testcase name="" classname="Scenario: User Select The Hotel In Select Hotel Page" time="0"/>
</testsuite>